CRITICAL - 2022-06-14 22:55:01 --> Undefined variable $artikel
#0 /Applications/XAMPP/xamppfiles/htdocs/codeigniter4/fiyukedai/app/Views/home/view_list.php(43): CodeIgniter\Debug\Exceptions->errorHandler(2, 'Undefined varia...', '/Applications/X...', 43)
#1 /Applications/XAMPP/xamppfiles/htdocs/codeigniter4/fiyukedai/system/View/View.php(210): include('/Applications/X...')
#2 /Applications/XAMPP/xamppfiles/htdocs/codeigniter4/fiyukedai/system/View/View.php(213): CodeIgniter\View\View->CodeIgniter\View\{closure}()
#3 /Applications/XAMPP/xamppfiles/htdocs/codeigniter4/fiyukedai/system/Common.php(1089): CodeIgniter\View\View->render('home/view_list', Array, true)
#4 /Applications/XAMPP/xamppfiles/htdocs/codeigniter4/fiyukedai/app/Controllers/Home.php(20): view('home/view_list', Array)
#5 /Applications/XAMPP/xamppfiles/htdocs/codeigniter4/fiyukedai/system/CodeIgniter.php(832): App\Controllers\Home->home()
#6 /Applications/XAMPP/xamppfiles/htdocs/codeigniter4/fiyukedai/system/CodeIgniter.php(419): CodeIgniter\CodeIgniter->runController(Object(App\Controllers\Home))
#7 /Applications/XAMPP/xamppfiles/htdocs/codeigniter4/fiyukedai/system/CodeIgniter.php(326): CodeIgniter\CodeIgniter->handleRequest(NULL, Object(Config\Cache), false)
#8 /Applications/XAMPP/xamppfiles/htdocs/codeigniter4/fiyukedai/public/index.php(37): CodeIgniter\CodeIgniter->run()
#9 /Applications/XAMPP/xamppfiles/htdocs/codeigniter4/fiyukedai/system/Commands/Server/rewrite.php(43): require_once('/Applications/X...')
#10 {main}
CRITICAL - 2022-06-14 23:02:02 --> Invalid file: view_form.php
#0 /Applications/XAMPP/xamppfiles/htdocs/codeigniter4/fiyukedai/system/View/View.php(198): CodeIgniter\Exceptions\FrameworkException::forInvalidFile('view_form.php')
#1 /Applications/XAMPP/xamppfiles/htdocs/codeigniter4/fiyukedai/system/Common.php(1089): CodeIgniter\View\View->render('view_form', Array, true)
#2 /Applications/XAMPP/xamppfiles/htdocs/codeigniter4/fiyukedai/app/Controllers/Home.php(27): view('view_form')
#3 /Applications/XAMPP/xamppfiles/htdocs/codeigniter4/fiyukedai/system/CodeIgniter.php(832): App\Controllers\Home->form()
#4 /Applications/XAMPP/xamppfiles/htdocs/codeigniter4/fiyukedai/system/CodeIgniter.php(419): CodeIgniter\CodeIgniter->runController(Object(App\Controllers\Home))
#5 /Applications/XAMPP/xamppfiles/htdocs/codeigniter4/fiyukedai/system/CodeIgniter.php(326): CodeIgniter\CodeIgniter->handleRequest(NULL, Object(Config\Cache), false)
#6 /Applications/XAMPP/xamppfiles/htdocs/codeigniter4/fiyukedai/public/index.php(37): CodeIgniter\CodeIgniter->run()
#7 /Applications/XAMPP/xamppfiles/htdocs/codeigniter4/fiyukedai/system/Commands/Server/rewrite.php(43): require_once('/Applications/X...')
#8 {main}
CRITICAL - 2022-06-14 23:13:20 --> Undefined variable $home
#0 /Applications/XAMPP/xamppfiles/htdocs/codeigniter4/fiyukedai/app/Views/home/home.php(336): CodeIgniter\Debug\Exceptions->errorHandler(2, 'Undefined varia...', '/Applications/X...', 336)
#1 /Applications/XAMPP/xamppfiles/htdocs/codeigniter4/fiyukedai/system/View/View.php(210): include('/Applications/X...')
#2 /Applications/XAMPP/xamppfiles/htdocs/codeigniter4/fiyukedai/system/View/View.php(213): CodeIgniter\View\View->CodeIgniter\View\{closure}()
#3 /Applications/XAMPP/xamppfiles/htdocs/codeigniter4/fiyukedai/system/Common.php(1089): CodeIgniter\View\View->render('home/home', Array, true)
#4 /Applications/XAMPP/xamppfiles/htdocs/codeigniter4/fiyukedai/app/Controllers/Home.php(11): view('home/home')
#5 /Applications/XAMPP/xamppfiles/htdocs/codeigniter4/fiyukedai/system/CodeIgniter.php(832): App\Controllers\Home->index()
#6 /Applications/XAMPP/xamppfiles/htdocs/codeigniter4/fiyukedai/system/CodeIgniter.php(419): CodeIgniter\CodeIgniter->runController(Object(App\Controllers\Home))
#7 /Applications/XAMPP/xamppfiles/htdocs/codeigniter4/fiyukedai/system/CodeIgniter.php(326): CodeIgniter\CodeIgniter->handleRequest(NULL, Object(Config\Cache), false)
#8 /Applications/XAMPP/xamppfiles/htdocs/codeigniter4/fiyukedai/public/index.php(37): CodeIgniter\CodeIgniter->run()
#9 /Applications/XAMPP/xamppfiles/htdocs/codeigniter4/fiyukedai/system/Commands/Server/rewrite.php(43): require_once('/Applications/X...')
#10 {main}
CRITICAL - 2022-06-14 23:14:16 --> Undefined variable $home
#0 /Applications/XAMPP/xamppfiles/htdocs/codeigniter4/fiyukedai/app/Views/home/home.php(336): CodeIgniter\Debug\Exceptions->errorHandler(2, 'Undefined varia...', '/Applications/X...', 336)
#1 /Applications/XAMPP/xamppfiles/htdocs/codeigniter4/fiyukedai/system/View/View.php(210): include('/Applications/X...')
#2 /Applications/XAMPP/xamppfiles/htdocs/codeigniter4/fiyukedai/system/View/View.php(213): CodeIgniter\View\View->CodeIgniter\View\{closure}()
#3 /Applications/XAMPP/xamppfiles/htdocs/codeigniter4/fiyukedai/system/Common.php(1089): CodeIgniter\View\View->render('home/home', Array, true)
#4 /Applications/XAMPP/xamppfiles/htdocs/codeigniter4/fiyukedai/app/Controllers/Home.php(11): view('home/home')
#5 /Applications/XAMPP/xamppfiles/htdocs/codeigniter4/fiyukedai/system/CodeIgniter.php(832): App\Controllers\Home->index()
#6 /Applications/XAMPP/xamppfiles/htdocs/codeigniter4/fiyukedai/system/CodeIgniter.php(419): CodeIgniter\CodeIgniter->runController(Object(App\Controllers\Home))
#7 /Applications/XAMPP/xamppfiles/htdocs/codeigniter4/fiyukedai/system/CodeIgniter.php(326): CodeIgniter\CodeIgniter->handleRequest(NULL, Object(Config\Cache), false)
#8 /Applications/XAMPP/xamppfiles/htdocs/codeigniter4/fiyukedai/public/index.php(37): CodeIgniter\CodeIgniter->run()
#9 /Applications/XAMPP/xamppfiles/htdocs/codeigniter4/fiyukedai/system/Commands/Server/rewrite.php(43): require_once('/Applications/X...')
#10 {main}
CRITICAL - 2022-06-14 23:14:31 --> Undefined variable $home
#0 /Applications/XAMPP/xamppfiles/htdocs/codeigniter4/fiyukedai/app/Views/home/home.php(336): CodeIgniter\Debug\Exceptions->errorHandler(2, 'Undefined varia...', '/Applications/X...', 336)
#1 /Applications/XAMPP/xamppfiles/htdocs/codeigniter4/fiyukedai/system/View/View.php(210): include('/Applications/X...')
#2 /Applications/XAMPP/xamppfiles/htdocs/codeigniter4/fiyukedai/system/View/View.php(213): CodeIgniter\View\View->CodeIgniter\View\{closure}()
#3 /Applications/XAMPP/xamppfiles/htdocs/codeigniter4/fiyukedai/system/Common.php(1089): CodeIgniter\View\View->render('home/home', Array, true)
#4 /Applications/XAMPP/xamppfiles/htdocs/codeigniter4/fiyukedai/app/Controllers/Home.php(11): view('home/home')
#5 /Applications/XAMPP/xamppfiles/htdocs/codeigniter4/fiyukedai/system/CodeIgniter.php(832): App\Controllers\Home->index()
#6 /Applications/XAMPP/xamppfiles/htdocs/codeigniter4/fiyukedai/system/CodeIgniter.php(419): CodeIgniter\CodeIgniter->runController(Object(App\Controllers\Home))
#7 /Applications/XAMPP/xamppfiles/htdocs/codeigniter4/fiyukedai/system/CodeIgniter.php(326): CodeIgniter\CodeIgniter->handleRequest(NULL, Object(Config\Cache), false)
#8 /Applications/XAMPP/xamppfiles/htdocs/codeigniter4/fiyukedai/public/index.php(37): CodeIgniter\CodeIgniter->run()
#9 /Applications/XAMPP/xamppfiles/htdocs/codeigniter4/fiyukedai/system/Commands/Server/rewrite.php(43): require_once('/Applications/X...')
#10 {main}
CRITICAL - 2022-06-14 23:14:50 --> Undefined variable $home
#0 /Applications/XAMPP/xamppfiles/htdocs/codeigniter4/fiyukedai/app/Views/home/home.php(336): CodeIgniter\Debug\Exceptions->errorHandler(2, 'Undefined varia...', '/Applications/X...', 336)
#1 /Applications/XAMPP/xamppfiles/htdocs/codeigniter4/fiyukedai/system/View/View.php(210): include('/Applications/X...')
#2 /Applications/XAMPP/xamppfiles/htdocs/codeigniter4/fiyukedai/system/View/View.php(213): CodeIgniter\View\View->CodeIgniter\View\{closure}()
#3 /Applications/XAMPP/xamppfiles/htdocs/codeigniter4/fiyukedai/system/Common.php(1089): CodeIgniter\View\View->render('home/home', Array, true)
#4 /Applications/XAMPP/xamppfiles/htdocs/codeigniter4/fiyukedai/app/Controllers/Home.php(11): view('home/home')
#5 /Applications/XAMPP/xamppfiles/htdocs/codeigniter4/fiyukedai/system/CodeIgniter.php(832): App\Controllers\Home->index()
#6 /Applications/XAMPP/xamppfiles/htdocs/codeigniter4/fiyukedai/system/CodeIgniter.php(419): CodeIgniter\CodeIgniter->runController(Object(App\Controllers\Home))
#7 /Applications/XAMPP/xamppfiles/htdocs/codeigniter4/fiyukedai/system/CodeIgniter.php(326): CodeIgniter\CodeIgniter->handleRequest(NULL, Object(Config\Cache), false)
#8 /Applications/XAMPP/xamppfiles/htdocs/codeigniter4/fiyukedai/public/index.php(37): CodeIgniter\CodeIgniter->run()
#9 /Applications/XAMPP/xamppfiles/htdocs/codeigniter4/fiyukedai/system/Commands/Server/rewrite.php(43): require_once('/Applications/X...')
#10 {main}
CRITICAL - 2022-06-14 23:15:35 --> Undefined variable $validation
#0 /Applications/XAMPP/xamppfiles/htdocs/codeigniter4/fiyukedai/app/Views/home/home.php(337): CodeIgniter\Debug\Exceptions->errorHandler(2, 'Undefined varia...', '/Applications/X...', 337)
#1 /Applications/XAMPP/xamppfiles/htdocs/codeigniter4/fiyukedai/system/View/View.php(210): include('/Applications/X...')
#2 /Applications/XAMPP/xamppfiles/htdocs/codeigniter4/fiyukedai/system/View/View.php(213): CodeIgniter\View\View->CodeIgniter\View\{closure}()
#3 /Applications/XAMPP/xamppfiles/htdocs/codeigniter4/fiyukedai/system/Common.php(1089): CodeIgniter\View\View->render('home/home', Array, true)
#4 /Applications/XAMPP/xamppfiles/htdocs/codeigniter4/fiyukedai/app/Controllers/Home.php(11): view('home/home')
#5 /Applications/XAMPP/xamppfiles/htdocs/codeigniter4/fiyukedai/system/CodeIgniter.php(832): App\Controllers\Home->index()
#6 /Applications/XAMPP/xamppfiles/htdocs/codeigniter4/fiyukedai/system/CodeIgniter.php(419): CodeIgniter\CodeIgniter->runController(Object(App\Controllers\Home))
#7 /Applications/XAMPP/xamppfiles/htdocs/codeigniter4/fiyukedai/system/CodeIgniter.php(326): CodeIgniter\CodeIgniter->handleRequest(NULL, Object(Config\Cache), false)
#8 /Applications/XAMPP/xamppfiles/htdocs/codeigniter4/fiyukedai/public/index.php(37): CodeIgniter\CodeIgniter->run()
#9 /Applications/XAMPP/xamppfiles/htdocs/codeigniter4/fiyukedai/system/Commands/Server/rewrite.php(43): require_once('/Applications/X...')
#10 {main}
CRITICAL - 2022-06-14 23:16:03 --> Undefined variable $validation
#0 /Applications/XAMPP/xamppfiles/htdocs/codeigniter4/fiyukedai/app/Views/home/home.php(337): CodeIgniter\Debug\Exceptions->errorHandler(2, 'Undefined varia...', '/Applications/X...', 337)
#1 /Applications/XAMPP/xamppfiles/htdocs/codeigniter4/fiyukedai/system/View/View.php(210): include('/Applications/X...')
#2 /Applications/XAMPP/xamppfiles/htdocs/codeigniter4/fiyukedai/system/View/View.php(213): CodeIgniter\View\View->CodeIgniter\View\{closure}()
#3 /Applications/XAMPP/xamppfiles/htdocs/codeigniter4/fiyukedai/system/Common.php(1089): CodeIgniter\View\View->render('home/home', Array, true)
#4 /Applications/XAMPP/xamppfiles/htdocs/codeigniter4/fiyukedai/app/Controllers/Home.php(11): view('home/home')
#5 /Applications/XAMPP/xamppfiles/htdocs/codeigniter4/fiyukedai/system/CodeIgniter.php(832): App\Controllers\Home->index()
#6 /Applications/XAMPP/xamppfiles/htdocs/codeigniter4/fiyukedai/system/CodeIgniter.php(419): CodeIgniter\CodeIgniter->runController(Object(App\Controllers\Home))
#7 /Applications/XAMPP/xamppfiles/htdocs/codeigniter4/fiyukedai/system/CodeIgniter.php(326): CodeIgniter\CodeIgniter->handleRequest(NULL, Object(Config\Cache), false)
#8 /Applications/XAMPP/xamppfiles/htdocs/codeigniter4/fiyukedai/public/index.php(37): CodeIgniter\CodeIgniter->run()
#9 /Applications/XAMPP/xamppfiles/htdocs/codeigniter4/fiyukedai/system/Commands/Server/rewrite.php(43): require_once('/Applications/X...')
#10 {main}
CRITICAL - 2022-06-14 23:16:16 --> Undefined variable $home
#0 /Applications/XAMPP/xamppfiles/htdocs/codeigniter4/fiyukedai/app/Views/home/home.php(337): CodeIgniter\Debug\Exceptions->errorHandler(2, 'Undefined varia...', '/Applications/X...', 337)
#1 /Applications/XAMPP/xamppfiles/htdocs/codeigniter4/fiyukedai/system/View/View.php(210): include('/Applications/X...')
#2 /Applications/XAMPP/xamppfiles/htdocs/codeigniter4/fiyukedai/system/View/View.php(213): CodeIgniter\View\View->CodeIgniter\View\{closure}()
#3 /Applications/XAMPP/xamppfiles/htdocs/codeigniter4/fiyukedai/system/Common.php(1089): CodeIgniter\View\View->render('home/home', Array, true)
#4 /Applications/XAMPP/xamppfiles/htdocs/codeigniter4/fiyukedai/app/Controllers/Home.php(11): view('home/home')
#5 /Applications/XAMPP/xamppfiles/htdocs/codeigniter4/fiyukedai/system/CodeIgniter.php(832): App\Controllers\Home->index()
#6 /Applications/XAMPP/xamppfiles/htdocs/codeigniter4/fiyukedai/system/CodeIgniter.php(419): CodeIgniter\CodeIgniter->runController(Object(App\Controllers\Home))
#7 /Applications/XAMPP/xamppfiles/htdocs/codeigniter4/fiyukedai/system/CodeIgniter.php(326): CodeIgniter\CodeIgniter->handleRequest(NULL, Object(Config\Cache), false)
#8 /Applications/XAMPP/xamppfiles/htdocs/codeigniter4/fiyukedai/public/index.php(37): CodeIgniter\CodeIgniter->run()
#9 /Applications/XAMPP/xamppfiles/htdocs/codeigniter4/fiyukedai/system/Commands/Server/rewrite.php(43): require_once('/Applications/X...')
#10 {main}
CRITICAL - 2022-06-14 23:16:17 --> Undefined variable $home
#0 /Applications/XAMPP/xamppfiles/htdocs/codeigniter4/fiyukedai/app/Views/home/home.php(337): CodeIgniter\Debug\Exceptions->errorHandler(2, 'Undefined varia...', '/Applications/X...', 337)
#1 /Applications/XAMPP/xamppfiles/htdocs/codeigniter4/fiyukedai/system/View/View.php(210): include('/Applications/X...')
#2 /Applications/XAMPP/xamppfiles/htdocs/codeigniter4/fiyukedai/system/View/View.php(213): CodeIgniter\View\View->CodeIgniter\View\{closure}()
#3 /Applications/XAMPP/xamppfiles/htdocs/codeigniter4/fiyukedai/system/Common.php(1089): CodeIgniter\View\View->render('home/home', Array, true)
#4 /Applications/XAMPP/xamppfiles/htdocs/codeigniter4/fiyukedai/app/Controllers/Home.php(11): view('home/home')
#5 /Applications/XAMPP/xamppfiles/htdocs/codeigniter4/fiyukedai/system/CodeIgniter.php(832): App\Controllers\Home->index()
#6 /Applications/XAMPP/xamppfiles/htdocs/codeigniter4/fiyukedai/system/CodeIgniter.php(419): CodeIgniter\CodeIgniter->runController(Object(App\Controllers\Home))
#7 /Applications/XAMPP/xamppfiles/htdocs/codeigniter4/fiyukedai/system/CodeIgniter.php(326): CodeIgniter\CodeIgniter->handleRequest(NULL, Object(Config\Cache), false)
#8 /Applications/XAMPP/xamppfiles/htdocs/codeigniter4/fiyukedai/public/index.php(37): CodeIgniter\CodeIgniter->run()
#9 /Applications/XAMPP/xamppfiles/htdocs/codeigniter4/fiyukedai/system/Commands/Server/rewrite.php(43): require_once('/Applications/X...')
#10 {main}
